[19/07 16:15:26] Network Config: ipconfig.xml exists, using manual configuration...
[19/07 16:15:26] Loaded 6 Filter Words.
[19/07 16:15:26] ------------------------------------------------=[ Database ]
[19/07 16:15:26] Database: HikariCP pool initialized successfully.
[19/07 16:15:26] Database: Initialized with a valid connection.
[19/07 16:15:26] ----------------------------------------------=[ ThreadPool ]
[19/07 16:15:26] ThreadPool: Initializing.
[19/07 16:15:26] ...scheduled pool executor with 4 high priority threads.
[19/07 16:15:26] ...scheduled pool executor with 16 total threads.
[19/07 16:15:26] ...instant pool executor with 8 total threads.
[19/07 16:15:26] -----------------------------------------------=[ IdManager ]
[19/07 16:15:26] DatabaseIdManager: Cleaned 0 elements in 0 seconds.
[19/07 16:15:26] DatabaseIdManager: Updated character online status.
[19/07 16:15:26] DatabaseIdManager: Cleaned 0 expired timestamps.
[19/07 16:15:26] IdManager: 411648 ids available.
[19/07 16:15:26] ----------------------------------------=[ Scripting Engine ]
[19/07 16:15:26] Loaded 807 files to exclude.
[19/07 16:15:26] ---------------------------------------------------=[ World ]
[19/07 16:15:27] World: (288 by 272) World Region Grid set up.
[19/07 16:15:27] MapRegionData: Loaded 59 map regions.
[19/07 16:15:27] ZoneManager 19 by 18 Zone Region Grid set up.
[19/07 16:15:28] ZoneManager: Loaded 32 zone classes and 2922 zones.
[19/07 16:15:28] ZoneManager: Last static id 210109.
[19/07 16:15:28] DoorData: Loaded 1467 doors.
[19/07 16:15:28] FenceData: Loaded 1 fences.
[19/07 16:15:28] GlobalVariablesManager: Loaded 12 variables.
[19/07 16:15:28] ----------------------------------------------------=[ Data ]
[19/07 16:15:28] ActionData: Loaded 260 player actions.
[19/07 16:15:28] CategoryData: Loaded 215 categories.
[19/07 16:15:28] SecondaryAuthData: Loaded 328 forbidden passwords.
[19/07 16:15:28] SayuneData: Loaded 84 maps.
[19/07 16:15:28] ClanRewardData: Loaded 4 rewards for members online.
[19/07 16:15:28] ClanRewardData: Loaded 4 rewards for hunting monsters.
[19/07 16:15:29] DailyMissionMasterHandler: Loaded 10 handlers.
[19/07 16:15:29] DailyMissionData: Loaded 59 one day rewards.
[19/07 16:15:29] --------------------------------------------------=[ Skills ]
[19/07 16:15:32] EffectMasterHandler: Loaded 375 effect handlers.
[19/07 16:15:32] EnchantSkillGroupsData: Loaded 20 enchant routes, max enchant set to 20.
[19/07 16:15:33] TransformData: Loaded 174 transform templates.
[19/07 16:15:37] SkillData: Loaded 123552 Skills.
[19/07 16:15:37] SkillTreeData: Loaded 27039 Class skills for 145 class skill trees.
[19/07 16:15:37] SkillTreeData: Loaded 24 sub-class skills.
[19/07 16:15:37] SkillTreeData: Loaded 38 dual-class skills.
[19/07 16:15:37] SkillTreeData: Loaded 104 transfer skills for 3 transfer skill trees.
[19/07 16:15:37] SkillTreeData: Loaded 17 race skills for 7 race skill trees.
[19/07 16:15:37] SkillTreeData: Loaded 35 fishing skills, 8 Dwarven only fishing skills.
[19/07 16:15:37] SkillTreeData: Loaded 3 collect skills.
[19/07 16:15:37] SkillTreeData: Loaded 171 clan skills, 141 for clan and 30 residential.
[19/07 16:15:37] SkillTreeData: Loaded 18 sub-pledge skills.
[19/07 16:15:37] SkillTreeData: Loaded 32 transform skills.
[19/07 16:15:37] SkillTreeData: Loaded 21 noble skills.
[19/07 16:15:37] SkillTreeData: Loaded 5 hero skills.
[19/07 16:15:37] SkillTreeData: Loaded 61 game master skills.
[19/07 16:15:37] SkillTreeData: Loaded 61 game master aura skills.
[19/07 16:15:37] SkillTreeData: Loaded 123 ability skills.
[19/07 16:15:37] SkillTreeData: Loaded 112 alchemy skills.
[19/07 16:15:37] SkillTreeData: Loaded 36 class awaken save skills.
[19/07 16:15:37] SkillTreeData: Loaded 20 Revelation skills.
[19/07 16:15:37] SkillTreeData: Loaded 29 common skills.
[19/07 16:15:37] PetSkillData: Loaded 1046 skills.
[19/07 16:15:37] ---------------------------------------------------=[ Items ]
[19/07 16:15:37] Directory /root/lineage2/server/game/data/stats/items/custom does not exist.
[19/07 16:15:38] ItemData: Highest item id used: 49798
[19/07 16:15:38] ItemData: Loaded 21327 etc items.
[19/07 16:15:38] ItemData: Loaded 11059 armor items.
[19/07 16:15:38] ItemData: Loaded 8653 weapon items.
[19/07 16:15:38] ItemData: Loaded 41039 items in total.
[19/07 16:15:38] EnchantItemGroupsData: Loaded 4 item group templates.
[19/07 16:15:38] EnchantItemGroupsData: Loaded 1 scroll group templates.
[19/07 16:15:38] EnchantItemGroupsData: Max weapon enchant is set to 30.
[19/07 16:15:38] EnchantItemGroupsData: Max armor enchant is set to 30.
[19/07 16:15:38] EnchantItemGroupsData: Max accessory enchant is set to 30.
[19/07 16:15:38] EnchantItemData: Loaded 248 enchant scrolls.
[19/07 16:15:38] EnchantItemData: Loaded 100 support items.
[19/07 16:15:39] OptionData: Loaded 34047 options.
[19/07 16:15:39] EnchantItemOptionsData: Loaded 68 items and 1747 options.
[19/07 16:15:39] ElementalAttributeData: Loaded 138 elemental attribute items.
[19/07 16:15:39] ItemCrystallizationData: Loaded 12 crystallization templates.
[19/07 16:15:39] ItemCrystallizationData: Loaded 279 pre-defined crystallizable items.
[19/07 16:15:39] ItemCrystallizationData: Generated 5830 crystallizable items from templates.
[19/07 16:15:39] VariationData: Loaded 120 variations.
[19/07 16:15:39] VariationData: Loaded 4717 fees.
[19/07 16:15:39] EnsoulData: Loaded 10 fees.
[19/07 16:15:39] EnsoulData: Loaded 742 options.
[19/07 16:15:39] EnsoulData: Loaded 104 stones.
[19/07 16:15:39] EnchantItemHPBonusData: Loaded 11 enchant HP bonuses.
[19/07 16:15:40] BuyListData: Loaded 892 buyLists.
[19/07 16:15:40] Buy price 1 is less than sell price 790 at entry 1 of multisell 600112.
[19/07 16:15:40] Buy price 1 is less than sell price 790 at entry 2 of multisell 600112.
[19/07 16:15:40] Buy price 1 is less than sell price 3660 at entry 3 of multisell 600112.
[19/07 16:15:40] Buy price 1 is less than sell price 3660 at entry 4 of multisell 600112.
[19/07 16:15:40] Buy price 1 is less than sell price 5745 at entry 5 of multisell 600112.
[19/07 16:15:40] Buy price 1 is less than sell price 5745 at entry 6 of multisell 600112.
[19/07 16:15:40] Buy price 1 is less than sell price 17315 at entry 7 of multisell 600112.
[19/07 16:15:40] Buy price 1 is less than sell price 17315 at entry 8 of multisell 600112.
[19/07 16:15:40] Buy price 1 is less than sell price 182400 at entry 9 of multisell 600112.
[19/07 16:15:40] Buy price 1 is less than sell price 182400 at entry 10 of multisell 600112.
[19/07 16:15:40] Buy price 1 is less than sell price 858000 at entry 11 of multisell 600112.
[19/07 16:15:40] Buy price 1 is less than sell price 858000 at entry 12 of multisell 600112.
[19/07 16:15:40] Buy price 60000 is less than sell price 300000 at entry 1 of multisell 610025.
[19/07 16:15:40] Buy price 60000 is less than sell price 300000 at entry 2 of multisell 610025.
[19/07 16:15:40] Buy price 60000 is less than sell price 300000 at entry 3 of multisell 610025.
[19/07 16:15:40] Buy price 60000 is less than sell price 300000 at entry 4 of multisell 610025.
[19/07 16:15:40] Buy price 60000 is less than sell price 300000 at entry 5 of multisell 610025.
[19/07 16:15:40] Buy price 60000 is less than sell price 300000 at entry 6 of multisell 610025.
[19/07 16:15:40] Buy price 60000 is less than sell price 300000 at entry 7 of multisell 610025.
[19/07 16:15:40] Buy price 60000 is less than sell price 300000 at entry 8 of multisell 610025.
[19/07 16:15:40] Buy price 60000 is less than sell price 300000 at entry 9 of multisell 610025.
[19/07 16:15:40] Buy price 60000 is less than sell price 300000 at entry 10 of multisell 610025.
[19/07 16:15:40] Buy price 60000 is less than sell price 300000 at entry 11 of multisell 610025.
[19/07 16:15:40] Buy price 60000 is less than sell price 300000 at entry 12 of multisell 610025.
[19/07 16:15:40] Buy price 90000 is less than sell price 450000 at entry 13 of multisell 610025.
[19/07 16:15:40] Buy price 90000 is less than sell price 450000 at entry 14 of multisell 610025.
[19/07 16:15:40] Buy price 90000 is less than sell price 450000 at entry 15 of multisell 610025.
[19/07 16:15:40] Buy price 90000 is less than sell price 450000 at entry 16 of multisell 610025.
[19/07 16:15:40] Buy price 90000 is less than sell price 450000 at entry 17 of multisell 610025.
[19/07 16:15:40] Buy price 90000 is less than sell price 450000 at entry 18 of multisell 610025.
[19/07 16:15:40] Buy price 90000 is less than sell price 450000 at entry 19 of multisell 610025.
[19/07 16:15:40] Buy price 90000 is less than sell price 450000 at entry 20 of multisell 610025.
[19/07 16:15:40] Buy price 90000 is less than sell price 450000 at entry 21 of multisell 610025.
[19/07 16:15:40] Buy price 90000 is less than sell price 450000 at entry 22 of multisell 610025.
[19/07 16:15:40] Buy price 90000 is less than sell price 450000 at entry 23 of multisell 610025.
[19/07 16:15:40] Buy price 90000 is less than sell price 450000 at entry 24 of multisell 610025.
[19/07 16:15:40] Buy price 7 is less than sell price 1500 at entry 1 of multisell 610021.
[19/07 16:15:40] Buy price 14 is less than sell price 3500 at entry 2 of multisell 610021.
[19/07 16:15:40] Buy price 22 is less than sell price 5500 at entry 3 of multisell 610021.
[19/07 16:15:40] Buy price 50 is less than sell price 12500 at entry 4 of multisell 610021.
[19/07 16:15:40] Buy price 80 is less than sell price 20000 at entry 5 of multisell 610021.
[19/07 16:15:40] Buy price 100 is less than sell price 25000 at entry 6 of multisell 610021.
[19/07 16:15:40] Buy price 35 is less than sell price 1700 at entry 7 of multisell 610021.
[19/07 16:15:40] Buy price 28 is less than sell price 1400 at entry 8 of multisell 610021.
[19/07 16:15:40] Buy price 42 is less than sell price 2100 at entry 9 of multisell 610021.
[19/07 16:15:40] Buy price 245 is less than sell price 12200 at entry 10 of multisell 610021.
[19/07 16:15:40] Buy price 290 is less than sell price 14500 at entry 11 of multisell 610021.
[19/07 16:15:40] Buy price 350 is less than sell price 17500 at entry 12 of multisell 610021.
[19/07 16:15:40] Buy price 1 is less than sell price 50 at entry 1 of multisell 600104.
[19/07 16:15:40] Buy price 1 is less than sell price 100 at entry 2 of multisell 600104.
[19/07 16:15:40] Buy price 1 is less than sell price 75 at entry 3 of multisell 600104.
[19/07 16:15:40] Buy price 1 is less than sell price 500 at entry 4 of multisell 600104.
[19/07 16:15:40] Buy price 1 is less than sell price 4500 at entry 5 of multisell 600104.
[19/07 16:15:40] Buy price 1 is less than sell price 150 at entry 6 of multisell 600104.
[19/07 16:15:40] Buy price 1 is less than sell price 500 at entry 7 of multisell 600104.
[19/07 16:15:40] Buy price 1 is less than sell price 50 at entry 8 of multisell 600104.
[19/07 16:15:40] Buy price 1 is less than sell price 25 at entry 9 of multisell 600104.
[19/07 16:15:40] Buy price 1 is less than sell price 25 at entry 10 of multisell 600104.
[19/07 16:15:41] Invalid product id or count for itemId: 20342, count: 20336 in list: 610022
[19/07 16:15:41] Invalid product id or count for itemId: 20344, count: 20336 in list: 610022
[19/07 16:15:41] Invalid product id or count for itemId: 20348, count: 20336 in list: 610022
[19/07 16:15:41] Invalid product id or count for itemId: 20350, count: 20336 in list: 610022
[19/07 16:15:41] Invalid product id or count for itemId: 22066, count: 20336 in list: 610022
[19/07 16:15:41] MultisellData: Loaded 605 multisell lists.
[19/07 16:15:41] CombinationItemsData: Loaded 855 combinations.
[19/07 16:15:41] RecipeData: Loaded 1647 recipes.
[19/07 16:15:41] ArmorSetData: Loaded 312 armor sets.
[19/07 16:15:41] FishingData: Loaded 3 bait and 13 rod data.
[19/07 16:15:41] HennaData: Loaded 461 henna data.
[19/07 16:15:41] PrimeShopData: Loaded 179 items.
[19/07 16:15:41] AppearanceItemData: Loaded 1217 stones.
[19/07 16:15:41] AlchemyData: Loaded 114 alchemy craft skills.
[19/07 16:15:41] LuckyGameData: Loaded 2 lucky game data.
[19/07 16:15:41] AttendanceRewardData: Disabled.
[19/07 16:15:41] ----------------------------------------------=[ Characters ]
[19/07 16:15:41] ClassListData: Loaded 153 class data.
[19/07 16:15:41] InitialEquipmentData: Loaded 13 initial equipment data.
[19/07 16:15:41] InitialShortcutData: Loaded 5 initial global shortcut data.
[19/07 16:15:41] InitialShortcutData: Loaded 5 initial shortcut data.
[19/07 16:15:41] InitialShortcutData: Loaded 0 macro presets.
[19/07 16:15:41] ExperienceData: Loaded 111 levels.
[19/07 16:15:41] ExperienceData: Max Player Level is 110.
[19/07 16:15:41] ExperienceData: Max Pet Level is 110.
[19/07 16:15:41] ExperienceLossData: Loaded 110 levels.
[19/07 16:15:41] KarmaLossData: Loaded 110 modifiers.
[19/07 16:15:41] HitConditionBonusData: Loaded hit condition bonuses.
[19/07 16:15:41] PlayerTemplateData: Loaded 145 player templates.
[19/07 16:15:41] PlayerTemplateData: Loaded 95700 level up gain records.
[19/07 16:15:41] CharInfoTable: Loaded 1 char names.
[19/07 16:15:41] PartyMatchingHistoryTable: Loaded 0 party matching history data.
[19/07 16:15:42] AdminData: Loaded 10 access levels.
[19/07 16:15:42] AdminData: Loaded 462 access commands.
[19/07 16:15:42] PetDataTable: Loaded 56 pets.
[19/07 16:15:42] CubicData: Loaded 21 cubics.
[19/07 16:15:42] PremiumManager: Premium system is enabled.
[19/07 16:15:42] ---------------------------------------------------=[ Clans ]
[19/07 16:15:42] ForumsBBSManager: Loaded 5 forums. Last forum id used: 5
[19/07 16:15:42] ClanTable: Restored 1 clans from the database.
[19/07 16:15:42] ResidenceFunctionsData: Loaded 8 functions.
[19/07 16:15:42] ClanHallData: Succesfully loaded 57 clan halls.
[19/07 16:15:42] ClanHallAuctionManager: Clan Hall Auction has started!
[19/07 16:15:42] ClanEntryManager: Loaded 0 clan entries.
[19/07 16:15:42] ClanEntryManager: Loaded 0 players in waiting list.
[19/07 16:15:42] ClanEntryManager: Loaded 0 player applications.
[19/07 16:15:42] -------------------------------------------------=[ Geodata ]
[19/07 16:15:42] GeoEngine: Loaded 0 regions.
[19/07 16:15:42] ----------------------------------------------------=[ NPCs ]
[19/07 16:15:44] NpcData: Loaded 14271 NPCs.
[19/07 16:15:44] NpcData: Loaded 21 custom NPCs.
[19/07 16:15:45] SpawnData: Loaded 44644 spawns
[19/07 16:15:45] MonsterBookData: Loaded 101 monster data.
[19/07 16:15:45] WalkingManager: Loaded 197 walking routes.
[19/07 16:15:45] StaticObjectData: Loaded 86 static object templates.
[19/07 16:15:45] ItemAuctionInstance: Loaded 21 item(s) and registered 2 auction(s) for instance 34328
[19/07 16:15:45] ItemAuctionInstance: Schedule next auction 2 on 17:00:00 25.07.26 for instance 34328
[19/07 16:15:45] ItemAuctionManager: Loaded 1 instances.
[19/07 16:15:45] InstanceManager: Loaded 267 instance names.
[19/07 16:15:45] InstanceManager: Loaded 163 instance templates.
[19/07 16:15:45] InstanceManager: Loaded instance reenter times for 1 players.
[19/07 16:15:45] CastleManager: Loaded 9 castles.
[19/07 16:15:45] SchemeBufferTable: Loaded 8 categories and 143 entries from ./data/SchemeBufferSkills.xml.
[19/07 16:15:45] SchemeBufferTable: Loaded 0 scheme entries from database.
[19/07 16:15:45] SchemeBufferTable: Loaded 0 players and 93 available skills.
[19/07 16:15:45] GrandBossManager: Lilith(25283) status is 0
[19/07 16:15:45] GrandBossManager: Anakim(25286) status is 0
[19/07 16:15:45] GrandBossManager: Kelbim(26124) status is 0
[19/07 16:15:45] GrandBossManager: Queen Ant(29001) status is 0
[19/07 16:15:45] GrandBossManager: Core(29006) status is 0
[19/07 16:15:45] GrandBossManager: Orfen(29014) status is 0
[19/07 16:15:45] GrandBossManager: Baium(29020) status is 0
[19/07 16:15:45] GrandBossManager: Valakas(29028) status is 0
[19/07 16:15:45] GrandBossManager: Antharas(29068) status is 0
[19/07 16:15:45] GrandBossManager: Beleth(29118) status is 0
[19/07 16:15:45] GrandBossManager: Earth Wyrm Trasken(29197) status is 0
[19/07 16:15:45] GrandBossManager: Lindvior(29240) status is 0
[19/07 16:15:45] GrandBossManager: Helios(29305) status is 0
[19/07 16:15:45] GrandBossManager: Loaded 13 instances.
[19/07 16:15:45] ------------------------------------------------=[ Instance ]
[19/07 16:15:45] ------------------------------------------------=[ Olympiad ]
[19/07 16:15:45] Olympiad System: Loading....
[19/07 16:15:45] Olympiad System: Currently in Olympiad Period
[19/07 16:15:45] Olympiad System: 22 days, 19 hours and 44 mins until period ends.
[19/07 16:15:45] Olympiad System: Next weekly change is in 6 days, 20 hours and 7 mins.
[19/07 16:15:45] Olympiad System: Loaded 0 Nobles
[19/07 16:15:45] Olympiad System: Competition Period Starts in 5 days, 3 hours and 45 mins.
[19/07 16:15:45] Olympiad System: Event starts/started: Fri Jul 24 20:00:45 UTC 2026
[19/07 16:15:45] Hero System: Loaded 0 Heroes.
[19/07 16:15:45] Hero System: Loaded 0 all time Heroes.
[19/07 16:15:45] ---------------------------------------------------=[ Cache ]
[19/07 16:15:45] Cache[HTML]: Running lazy cache.
[19/07 16:15:45] CrestTable: Loaded 0 Crests.
[19/07 16:15:46] TeleporterData: Loaded 174 npc teleporters.
[19/07 16:15:46] CursedWeaponsManager: Loaded 2 cursed weapons.
[19/07 16:15:46] BotReportTable: Loaded 0 bot reports
[19/07 16:15:46] SellBuffsManager: Loaded 149 allowed buffs.
[19/07 16:15:46] -------------------------------------------------=[ Scripts ]
[19/07 16:15:46] AirShipManager: Loaded 0 private airships
[19/07 16:15:46] ShuttleData: Loaded 3 shuttles.
[19/07 16:15:46] GameServer: Loading server scripts:
[19/07 16:15:48] Loading Handlers...
[19/07 16:15:48] ActionClickHandler: Loaded 10 handlers.
[19/07 16:15:48] ActionShiftHandler: Loaded 6 handlers.
[19/07 16:15:48] AdminCommandHandler: Loaded 458 handlers.
[19/07 16:15:48] BypassHandler: Loaded 28 handlers.
[19/07 16:15:48] ChatHandler: Loaded 14 handlers.
[19/07 16:15:48] CommunityBoardHandler: Loaded 37 handlers.
[19/07 16:15:48] ItemHandler: Loaded 32 handlers.
[19/07 16:15:48] PunishmentHandler: Loaded 3 handlers.
[19/07 16:15:48] UserCommandHandler: Loaded 16 handlers.
[19/07 16:15:48] VoicedCommandHandler: Loaded 16 handlers.
[19/07 16:15:48] TargetHandler: Loaded 21 handlers.
[19/07 16:15:48] AffectObjectHandler: Loaded 11 handlers.
[19/07 16:15:48] AffectScopeHandler: Loaded 19 handlers.
[19/07 16:15:48] ActionUserHandler: Loaded 24 handlers.
[19/07 16:15:48] Handlers Loaded...
[19/07 16:15:54] NpcBuffersData: Loaded 6 buffers data.
[19/07 16:15:54] MentorGuide: Loaded 41 mentee coins
[19/07 16:15:54] ClassMaster: Loaded 0 class change options.
[19/07 16:15:54] Fantasy Isle: MC show script starting at 20/07/2026 12:10:54 and is scheduled each next 4 hours.
[19/07 16:15:54] Handy's Block Checker Event is enabled
[19/07 16:15:54] Fantasy Isle: Parade starting at 2026/07/19 17:20 and is scheduled each next 1 hours.
[19/07 16:15:54] [Four Sepulchers] Loaded 762 spawn zones data.
[19/07 16:15:54] Seed of Destruction: Loaded 51 spawn zones data.
[19/07 16:15:54] GrandBossManager: Updated Lindvior(29240) status to 0.
[19/07 16:15:54] GrandBossManager: Updated Helios(29305) status to 0.
[19/07 16:15:54] Event Birth of Draco has passed... Ignored 
[19/07 16:15:54] Event Red Libra has passed... Ignored 
[19/07 16:15:54] Event Love Your Gatekeeper has passed... Ignored 
[19/07 16:15:54] Event Lovers Jubilee has passed... Ignored 
[19/07 16:15:54] Event Hungry Horse has passed... Ignored 
[19/07 16:15:54] Event Freya Celebration has passed... Ignored 
[19/07 16:15:54] Event Letter Collector has passed... Ignored 
[19/07 16:15:54] Event Dandy's Dragon Weapons has passed... Ignored 
[19/07 16:15:54] Event Rudolphs Blessing has passed... Ignored 
[19/07 16:15:54] Event The Power Of Love has passed... Ignored 
[19/07 16:15:54] Event Hunt for Santa has passed... Ignored 
[19/07 16:15:54] Event Heavy Medal has passed... Ignored 
[19/07 16:15:54] Event Gift of Vitality has passed... Ignored 
[19/07 16:15:54] Event Saving Santa has passed... Ignored 
[19/07 16:15:54] Event Eve the Fortune Teller has passed... Ignored 
[19/07 16:15:54] Event Master of Enchanting has passed... Ignored 
[19/07 16:15:54] Event Halloween has passed... Ignored 
[19/07 16:15:54] Event Happy Hours has passed... Ignored 
[19/07 16:15:54] SpawnData: Initializing spawns...
[19/07 16:15:54] DatabaseSpawnManager: Loaded 249 instances.
[19/07 16:15:54] DatabaseSpawnManager: Scheduled 2 instances.
[19/07 16:15:57] SpawnData: All spawns has been initialized!
[19/07 16:15:57] ---------------------------------------------------=[ Siege ]
[19/07 16:15:57] SiegeScheduleData: Loaded 9 siege schedulers.
[19/07 16:15:57] Siege of Gludio: Sun Jul 26 16:00:00 UTC 2026
[19/07 16:15:57] Siege of Dion: Sun Jul 26 20:00:00 UTC 2026
[19/07 16:15:57] Siege of Giran: Sun Jul 26 16:00:00 UTC 2026
[19/07 16:15:57] Siege of Oren: Sun Jul 26 20:00:00 UTC 2026
[19/07 16:15:57] Siege of Aden: Sun Jul 26 16:00:00 UTC 2026
[19/07 16:15:57] Siege of Innadril: Sun Jul 26 20:00:00 UTC 2026
[19/07 16:15:57] Siege of Goddard: Sun Jul 26 16:00:00 UTC 2026
[19/07 16:15:57] Siege of Rune: Sun Jul 26 20:00:00 UTC 2026
[19/07 16:15:57] Siege of Schuttgart: Sun Jul 26 16:00:00 UTC 2026
[19/07 16:15:57] FortManager: Loaded 20 fortress.
[19/07 16:15:57] CastleManorManager: Loaded 258 seeds.
[19/07 16:15:57] CastleManorManager: Manor data loaded.
[19/07 16:15:57] SiegeGuardManager: Loaded 0 siege guards tickets.
[19/07 16:15:57] ScriptManager: Loaded 529 quests.
[19/07 16:15:57] ScriptManager: Loaded 414 scripts.
[19/07 16:15:57] KrateisCubeManager: Loaded 3 arena templates.
[19/07 16:15:57] UndergroundColiseumManager: Loaded 5 coliseum arenas.
[19/07 16:15:57] UndergroundColiseumManager: Starts at 24/07/2026 21:00:00
[19/07 16:15:57] DailyResetManager: Next schedule at 20/07/2026 06:30:00.
[19/07 16:15:57] MailManager: Loaded 0 messages.
[19/07 16:15:57] PunishmentManager: Loaded 0 active and 0 expired punishments.
[19/07 16:15:57] IdManager: Free ObjectID's remaining: 1878992783
[19/07 16:15:57] OfflineTraderTable: Loading offline traders...
[19/07 16:15:57] OfflineTraderTable: Loaded 0 offline traders.
[19/07 16:15:57] DeadlockWatcher: Thread started.
[19/07 16:16:05] GameServer: Started, using 2230 of 8192 MB total memory.
[19/07 16:16:05] GameServer: Maximum number of connected players is 2000.
[19/07 16:16:05] GameServer: Server loaded in 39 seconds.
[19/07 16:16:05] LoginServerThread: Connecting to login on 127.0.0.1:9014
[19/07 16:16:05] LoginServerThread: Registered on login as Server 1: Bartz
[19/07 16:43:09] Master access level set for character dada! Just a warning to be careful ;)
[19/07 16:43:09] SkillData: Call to unexisting skill level id: 27881 requested level: 15 max level: 1.
java.lang.Exception
	at org.l2jmobius.gameserver.data.xml.SkillData.getSkill(SkillData.java:1353)
	at org.l2jmobius.gameserver.model.skill.holders.SkillHolder.getSkill(SkillHolder.java:76)
	at org.l2jmobius.gameserver.model.itemcontainer.Inventory$ItemSkillsListener.notifyEquiped(Inventory.java:554)
	at org.l2jmobius.gameserver.model.itemcontainer.Inventory.setPaperdollItem(Inventory.java:1395)
	at org.l2jmobius.gameserver.model.itemcontainer.Inventory.equipItem(Inventory.java:1754)
	at org.l2jmobius.gameserver.model.itemcontainer.Inventory.addItem(Inventory.java:1124)
	at org.l2jmobius.gameserver.model.itemcontainer.PlayerInventory.addItem(PlayerInventory.java:767)
	at org.l2jmobius.gameserver.model.itemcontainer.Inventory.restore(Inventory.java:1916)
	at org.l2jmobius.gameserver.model.itemcontainer.PlayerInventory.restore(PlayerInventory.java:844)
	at org.l2jmobius.gameserver.model.actor.Player.restore(Player.java:7159)
	at org.l2jmobius.gameserver.model.actor.Player.load(Player.java:1191)
	at org.l2jmobius.gameserver.network.GameClient.load(GameClient.java:549)
	at org.l2jmobius.gameserver.network.clientpackets.CharacterSelect.runImpl(CharacterSelect.java:186)
	at org.l2jmobius.gameserver.network.clientpackets.ClientPacket.run(ClientPacket.java:58)
	at org.l2jmobius.commons.network.PacketExecutor$PacketRunnable.run(PacketExecutor.java:74)
	at java.base/java.util.concurrent.ThreadPoolExecutor.runWorker(ThreadPoolExecutor.java:1090)
	at java.base/java.util.concurrent.ThreadPoolExecutor$Worker.run(ThreadPoolExecutor.java:614)
	at java.base/java.lang.Thread.run(Thread.java:1474)

[19/07 16:43:09] SkillData: Call to unexisting skill level id: 27881 requested level: 16 max level: 1.
java.lang.Exception
	at org.l2jmobius.gameserver.data.xml.SkillData.getSkill(SkillData.java:1353)
	at org.l2jmobius.gameserver.model.skill.holders.SkillHolder.getSkill(SkillHolder.java:76)
	at org.l2jmobius.gameserver.model.itemcontainer.Inventory$ItemSkillsListener.notifyEquiped(Inventory.java:554)
	at org.l2jmobius.gameserver.model.itemcontainer.Inventory.setPaperdollItem(Inventory.java:1395)
	at org.l2jmobius.gameserver.model.itemcontainer.Inventory.equipItem(Inventory.java:1754)
	at org.l2jmobius.gameserver.model.itemcontainer.Inventory.addItem(Inventory.java:1124)
	at org.l2jmobius.gameserver.model.itemcontainer.PlayerInventory.addItem(PlayerInventory.java:767)
	at org.l2jmobius.gameserver.model.itemcontainer.Inventory.restore(Inventory.java:1916)
	at org.l2jmobius.gameserver.model.itemcontainer.PlayerInventory.restore(PlayerInventory.java:844)
	at org.l2jmobius.gameserver.model.actor.Player.restore(Player.java:7159)
	at org.l2jmobius.gameserver.model.actor.Player.load(Player.java:1191)
	at org.l2jmobius.gameserver.network.GameClient.load(GameClient.java:549)
	at org.l2jmobius.gameserver.network.clientpackets.CharacterSelect.runImpl(CharacterSelect.java:186)
	at org.l2jmobius.gameserver.network.clientpackets.ClientPacket.run(ClientPacket.java:58)
	at org.l2jmobius.commons.network.PacketExecutor$PacketRunnable.run(PacketExecutor.java:74)
	at java.base/java.util.concurrent.ThreadPoolExecutor.runWorker(ThreadPoolExecutor.java:1090)
	at java.base/java.util.concurrent.ThreadPoolExecutor$Worker.run(ThreadPoolExecutor.java:614)
	at java.base/java.lang.Thread.run(Thread.java:1474)

[19/07 16:43:09] SkillData: Call to unexisting skill level id: 27881 requested level: 17 max level: 1.
java.lang.Exception
	at org.l2jmobius.gameserver.data.xml.SkillData.getSkill(SkillData.java:1353)
	at org.l2jmobius.gameserver.model.skill.holders.SkillHolder.getSkill(SkillHolder.java:76)
	at org.l2jmobius.gameserver.model.itemcontainer.Inventory$ItemSkillsListener.notifyEquiped(Inventory.java:554)
	at org.l2jmobius.gameserver.model.itemcontainer.Inventory.setPaperdollItem(Inventory.java:1395)
	at org.l2jmobius.gameserver.model.itemcontainer.Inventory.equipItem(Inventory.java:1754)
	at org.l2jmobius.gameserver.model.itemcontainer.Inventory.addItem(Inventory.java:1124)
	at org.l2jmobius.gameserver.model.itemcontainer.PlayerInventory.addItem(PlayerInventory.java:767)
	at org.l2jmobius.gameserver.model.itemcontainer.Inventory.restore(Inventory.java:1916)
	at org.l2jmobius.gameserver.model.itemcontainer.PlayerInventory.restore(PlayerInventory.java:844)
	at org.l2jmobius.gameserver.model.actor.Player.restore(Player.java:7159)
	at org.l2jmobius.gameserver.model.actor.Player.load(Player.java:1191)
	at org.l2jmobius.gameserver.network.GameClient.load(GameClient.java:549)
	at org.l2jmobius.gameserver.network.clientpackets.CharacterSelect.runImpl(CharacterSelect.java:186)
	at org.l2jmobius.gameserver.network.clientpackets.ClientPacket.run(ClientPacket.java:58)
	at org.l2jmobius.commons.network.PacketExecutor$PacketRunnable.run(PacketExecutor.java:74)
	at java.base/java.util.concurrent.ThreadPoolExecutor.runWorker(ThreadPoolExecutor.java:1090)
	at java.base/java.util.concurrent.ThreadPoolExecutor$Worker.run(ThreadPoolExecutor.java:614)
	at java.base/java.lang.Thread.run(Thread.java:1474)

[19/07 16:43:09] SkillData: Call to unexisting skill level id: 27881 requested level: 18 max level: 1.
java.lang.Exception
	at org.l2jmobius.gameserver.data.xml.SkillData.getSkill(SkillData.java:1353)
	at org.l2jmobius.gameserver.model.skill.holders.SkillHolder.getSkill(SkillHolder.java:76)
	at org.l2jmobius.gameserver.model.itemcontainer.Inventory$ItemSkillsListener.notifyEquiped(Inventory.java:554)
	at org.l2jmobius.gameserver.model.itemcontainer.Inventory.setPaperdollItem(Inventory.java:1395)
	at org.l2jmobius.gameserver.model.itemcontainer.Inventory.equipItem(Inventory.java:1754)
	at org.l2jmobius.gameserver.model.itemcontainer.Inventory.addItem(Inventory.java:1124)
	at org.l2jmobius.gameserver.model.itemcontainer.PlayerInventory.addItem(PlayerInventory.java:767)
	at org.l2jmobius.gameserver.model.itemcontainer.Inventory.restore(Inventory.java:1916)
	at org.l2jmobius.gameserver.model.itemcontainer.PlayerInventory.restore(PlayerInventory.java:844)
	at org.l2jmobius.gameserver.model.actor.Player.restore(Player.java:7159)
	at org.l2jmobius.gameserver.model.actor.Player.load(Player.java:1191)
	at org.l2jmobius.gameserver.network.GameClient.load(GameClient.java:549)
	at org.l2jmobius.gameserver.network.clientpackets.CharacterSelect.runImpl(CharacterSelect.java:186)
	at org.l2jmobius.gameserver.network.clientpackets.ClientPacket.run(ClientPacket.java:58)
	at org.l2jmobius.commons.network.PacketExecutor$PacketRunnable.run(PacketExecutor.java:74)
	at java.base/java.util.concurrent.ThreadPoolExecutor.runWorker(ThreadPoolExecutor.java:1090)
	at java.base/java.util.concurrent.ThreadPoolExecutor$Worker.run(ThreadPoolExecutor.java:614)
	at java.base/java.lang.Thread.run(Thread.java:1474)

[19/07 16:43:09] SkillData: Call to unexisting skill level id: 27881 requested level: 19 max level: 1.
java.lang.Exception
	at org.l2jmobius.gameserver.data.xml.SkillData.getSkill(SkillData.java:1353)
	at org.l2jmobius.gameserver.model.skill.holders.SkillHolder.getSkill(SkillHolder.java:76)
	at org.l2jmobius.gameserver.model.itemcontainer.Inventory$ItemSkillsListener.notifyEquiped(Inventory.java:554)
	at org.l2jmobius.gameserver.model.itemcontainer.Inventory.setPaperdollItem(Inventory.java:1395)
	at org.l2jmobius.gameserver.model.itemcontainer.Inventory.equipItem(Inventory.java:1754)
	at org.l2jmobius.gameserver.model.itemcontainer.Inventory.addItem(Inventory.java:1124)
	at org.l2jmobius.gameserver.model.itemcontainer.PlayerInventory.addItem(PlayerInventory.java:767)
	at org.l2jmobius.gameserver.model.itemcontainer.Inventory.restore(Inventory.java:1916)
	at org.l2jmobius.gameserver.model.itemcontainer.PlayerInventory.restore(PlayerInventory.java:844)
	at org.l2jmobius.gameserver.model.actor.Player.restore(Player.java:7159)
	at org.l2jmobius.gameserver.model.actor.Player.load(Player.java:1191)
	at org.l2jmobius.gameserver.network.GameClient.load(GameClient.java:549)
	at org.l2jmobius.gameserver.network.clientpackets.CharacterSelect.runImpl(CharacterSelect.java:186)
	at org.l2jmobius.gameserver.network.clientpackets.ClientPacket.run(ClientPacket.java:58)
	at org.l2jmobius.commons.network.PacketExecutor$PacketRunnable.run(PacketExecutor.java:74)
	at java.base/java.util.concurrent.ThreadPoolExecutor.runWorker(ThreadPoolExecutor.java:1090)
	at java.base/java.util.concurrent.ThreadPoolExecutor$Worker.run(ThreadPoolExecutor.java:614)
	at java.base/java.lang.Thread.run(Thread.java:1474)

[19/07 16:43:09] SkillData: Call to unexisting skill level id: 27881 requested level: 20 max level: 1.
java.lang.Exception
	at org.l2jmobius.gameserver.data.xml.SkillData.getSkill(SkillData.java:1353)
	at org.l2jmobius.gameserver.model.skill.holders.SkillHolder.getSkill(SkillHolder.java:76)
	at org.l2jmobius.gameserver.model.itemcontainer.Inventory$ItemSkillsListener.notifyEquiped(Inventory.java:554)
	at org.l2jmobius.gameserver.model.itemcontainer.Inventory.setPaperdollItem(Inventory.java:1395)
	at org.l2jmobius.gameserver.model.itemcontainer.Inventory.equipItem(Inventory.java:1754)
	at org.l2jmobius.gameserver.model.itemcontainer.Inventory.addItem(Inventory.java:1124)
	at org.l2jmobius.gameserver.model.itemcontainer.PlayerInventory.addItem(PlayerInventory.java:767)
	at org.l2jmobius.gameserver.model.itemcontainer.Inventory.restore(Inventory.java:1916)
	at org.l2jmobius.gameserver.model.itemcontainer.PlayerInventory.restore(PlayerInventory.java:844)
	at org.l2jmobius.gameserver.model.actor.Player.restore(Player.java:7159)
	at org.l2jmobius.gameserver.model.actor.Player.load(Player.java:1191)
	at org.l2jmobius.gameserver.network.GameClient.load(GameClient.java:549)
	at org.l2jmobius.gameserver.network.clientpackets.CharacterSelect.runImpl(CharacterSelect.java:186)
	at org.l2jmobius.gameserver.network.clientpackets.ClientPacket.run(ClientPacket.java:58)
	at org.l2jmobius.commons.network.PacketExecutor$PacketRunnable.run(PacketExecutor.java:74)
	at java.base/java.util.concurrent.ThreadPoolExecutor.runWorker(ThreadPoolExecutor.java:1090)
	at java.base/java.util.concurrent.ThreadPoolExecutor$Worker.run(ThreadPoolExecutor.java:614)
	at java.base/java.lang.Thread.run(Thread.java:1474)

[19/07 16:43:15] HTML encoding check: File data/html/CommunityBoard/Custom/navigation.html contains non ASCII content.
[19/07 16:43:15] HTML encoding check: File data/html/CommunityBoard/Custom/home.html contains non ASCII content.
[19/07 16:43:21] HTML encoding check: File data/html/CommunityBoard/Custom/mytp/main.html contains non ASCII content.
[19/07 16:43:22] HTML encoding check: File data/html/CommunityBoard/Custom/gatekeeper/main.html contains non ASCII content.
[19/07 16:43:23] HTML encoding check: File data/html/CommunityBoard/Custom/merchant/main.html contains non ASCII content.
[19/07 16:43:23] HTML encoding check: File data/html/CommunityBoard/Custom/merchant/jewelry.html contains non ASCII content.
[19/07 16:44:14] HTML encoding check: File data/html/CommunityBoard/Custom/buffer/main.html contains non ASCII content.
[19/07 16:45:57] GlobalVariablesManager: Stored 12 variables.
[19/07 17:15:57] GlobalVariablesManager: Stored 12 variables.
[19/07 17:44:40] Master access level set for character dada! Just a warning to be careful ;)
[19/07 17:45:57] GlobalVariablesManager: Stored 12 variables.
[19/07 17:54:45] HTML encoding check: File data/html/CommunityBoard/Custom/gatekeeper/farm_high.html contains non ASCII content.
[19/07 18:15:57] GlobalVariablesManager: Stored 12 variables.
[19/07 18:45:57] GlobalVariablesManager: Stored 12 variables.
[19/07 19:15:57] GlobalVariablesManager: Stored 12 variables.
[19/07 19:16:47] DatabaseSpawnManager: Spawning NPC Berserker Hard
[19/07 19:45:57] GlobalVariablesManager: Stored 12 variables.
[19/07 20:15:57] GlobalVariablesManager: Stored 12 variables.
[19/07 20:45:57] GlobalVariablesManager: Stored 12 variables.
[19/07 21:15:57] GlobalVariablesManager: Stored 12 variables.
[19/07 21:45:57] GlobalVariablesManager: Stored 12 variables.
[19/07 22:15:57] GlobalVariablesManager: Stored 12 variables.
[19/07 22:45:57] GlobalVariablesManager: Stored 12 variables.
[19/07 23:15:57] GlobalVariablesManager: Stored 12 variables.
[19/07 23:45:57] GlobalVariablesManager: Stored 12 variables.
[20/07 00:15:57] GlobalVariablesManager: Stored 12 variables.
[20/07 00:45:57] GlobalVariablesManager: Stored 12 variables.
[20/07 01:15:57] GlobalVariablesManager: Stored 12 variables.
[20/07 01:45:57] GlobalVariablesManager: Stored 12 variables.
[20/07 02:15:57] GlobalVariablesManager: Stored 12 variables.
[20/07 02:45:57] GlobalVariablesManager: Stored 12 variables.
[20/07 03:15:57] GlobalVariablesManager: Stored 12 variables.
[20/07 03:45:57] GlobalVariablesManager: Stored 12 variables.
[20/07 04:15:57] GlobalVariablesManager: Stored 12 variables.
[20/07 04:45:57] GlobalVariablesManager: Stored 12 variables.
[20/07 05:15:57] GlobalVariablesManager: Stored 12 variables.
[20/07 05:45:57] GlobalVariablesManager: Stored 12 variables.
[20/07 06:15:57] GlobalVariablesManager: Stored 12 variables.
[20/07 06:30:00] Starting reset of daily tasks...
[20/07 06:30:00] Daily vitality added successfully.
[20/07 06:30:00] Daily clan bonuses have been reset.
[20/07 06:30:00] Daily skill reuse cleaned.
[20/07 06:30:00] Daily item reuse cleaned.
[20/07 06:30:00] Daily world chat points have been reset.
[20/07 06:30:00] PrimeShopData have been reset.
[20/07 06:30:00] Training Camp durations have been reset.
[20/07 06:30:00] Attendance Rewards have been reset.
[20/07 06:30:00] CharacterBirthday 0 gifts sent. [19/07/2026] - [20/07/2026]
[20/07 06:30:00] Daily tasks reset completed.
[20/07 06:45:57] GlobalVariablesManager: Stored 12 variables.
[20/07 07:15:57] GlobalVariablesManager: Stored 12 variables.
[20/07 07:45:57] GlobalVariablesManager: Stored 12 variables.
[20/07 08:15:57] GlobalVariablesManager: Stored 12 variables.
[20/07 08:45:57] GlobalVariablesManager: Stored 12 variables.
[20/07 09:15:57] GlobalVariablesManager: Stored 12 variables.
[20/07 09:37:44] DatabaseSpawnManager: Spawning NPC Antharas' Herald Komabor
[20/07 09:45:57] GlobalVariablesManager: Stored 12 variables.
[20/07 10:15:57] GlobalVariablesManager: Stored 12 variables.
[20/07 10:45:57] GlobalVariablesManager: Stored 12 variables.
[20/07 11:15:57] GlobalVariablesManager: Stored 12 variables.
[20/07 11:17:03] All players disconnected and saved(0ms).
[20/07 11:17:03] Game Time Task Manager: Thread interruped(1ms).
[20/07 11:17:03] ThreadPool: Shutting down all thread pools.
[20/07 11:17:03] Thread Pool Manager: Manager has been shut down(1ms).
[20/07 11:17:03] Login Server Thread: Thread interruped(2ms).
[20/07 11:17:03] SIGTERM received. Shutting down NOW!
[20/07 11:17:03] RaidBossSpawnManager: All raidboss info saved(40ms).
[20/07 11:17:03] GrandBossManager: All Grand Boss info saved(2ms).
[20/07 11:17:03] Item Auction Manager: All tasks stopped(0ms).
[20/07 11:17:03] Olympiad System: Data saved(1ms).
[20/07 11:17:03] Hero System: Data saved(1ms).
[20/07 11:17:03] Clan System: Data saved(1ms).
[20/07 11:17:03] Cursed Weapons Manager: Data saved(1ms).
[20/07 11:17:03] Castle Manor Manager: Data saved(1ms).
[20/07 11:17:03] Script Manager: Data saved(0ms).
[20/07 11:17:03] GlobalVariablesManager: Stored 12 variables.
[20/07 11:17:03] Global Variables Manager: Variables saved(91ms).
[20/07 11:17:03] Party Matching History Table: Data saved(1ms).
[20/07 11:17:03] SchemeBufferTable: Data saved(62ms).
[20/07 11:17:03] Bot Report Table: Successfully saved reports to database!
