[20/07 11:17:16] Network Config: ipconfig.xml exists, using manual configuration...
[20/07 11:17:16] Loaded 6 Filter Words.
[20/07 11:17:16] ------------------------------------------------=[ Database ]
[20/07 11:17:16] Database: HikariCP pool initialized successfully.
[20/07 11:17:16] Database: Initialized with a valid connection.
[20/07 11:17:16] ----------------------------------------------=[ ThreadPool ]
[20/07 11:17:16] ThreadPool: Initializing.
[20/07 11:17:16] ...scheduled pool executor with 4 high priority threads.
[20/07 11:17:16] ...scheduled pool executor with 16 total threads.
[20/07 11:17:16] ...instant pool executor with 8 total threads.
[20/07 11:17:16] -----------------------------------------------=[ IdManager ]
[20/07 11:17:16] DatabaseIdManager: Cleaned 0 elements in 0 seconds.
[20/07 11:17:16] DatabaseIdManager: Updated character online status.
[20/07 11:17:16] DatabaseIdManager: Cleaned 0 expired timestamps.
[20/07 11:17:16] IdManager: 411648 ids available.
[20/07 11:17:16] ----------------------------------------=[ Scripting Engine ]
[20/07 11:17:16] Loaded 807 files to exclude.
[20/07 11:17:16] ---------------------------------------------------=[ World ]
[20/07 11:17:18] World: (288 by 272) World Region Grid set up.
[20/07 11:17:18] MapRegionData: Loaded 59 map regions.
[20/07 11:17:18] ZoneManager 19 by 18 Zone Region Grid set up.
[20/07 11:17:18] ZoneManager: Loaded 32 zone classes and 2922 zones.
[20/07 11:17:18] ZoneManager: Last static id 210109.
[20/07 11:17:18] DoorData: Loaded 1467 doors.
[20/07 11:17:19] FenceData: Loaded 1 fences.
[20/07 11:17:19] GlobalVariablesManager: Loaded 12 variables.
[20/07 11:17:19] ----------------------------------------------------=[ Data ]
[20/07 11:17:19] ActionData: Loaded 260 player actions.
[20/07 11:17:19] CategoryData: Loaded 215 categories.
[20/07 11:17:19] SecondaryAuthData: Loaded 328 forbidden passwords.
[20/07 11:17:19] SayuneData: Loaded 84 maps.
[20/07 11:17:19] ClanRewardData: Loaded 4 rewards for members online.
[20/07 11:17:19] ClanRewardData: Loaded 4 rewards for hunting monsters.
[20/07 11:17:19] DailyMissionMasterHandler: Loaded 10 handlers.
[20/07 11:17:19] DailyMissionData: Loaded 59 one day rewards.
[20/07 11:17:19] --------------------------------------------------=[ Skills ]
[20/07 11:17:22] EffectMasterHandler: Loaded 375 effect handlers.
[20/07 11:17:22] EnchantSkillGroupsData: Loaded 20 enchant routes, max enchant set to 20.
[20/07 11:17:23] TransformData: Loaded 174 transform templates.
[20/07 11:17:27] SkillData: Loaded 123552 Skills.
[20/07 11:17:27] SkillTreeData: Loaded 27039 Class skills for 145 class skill trees.
[20/07 11:17:27] SkillTreeData: Loaded 24 sub-class skills.
[20/07 11:17:27] SkillTreeData: Loaded 38 dual-class skills.
[20/07 11:17:27] SkillTreeData: Loaded 104 transfer skills for 3 transfer skill trees.
[20/07 11:17:27] SkillTreeData: Loaded 17 race skills for 7 race skill trees.
[20/07 11:17:27] SkillTreeData: Loaded 35 fishing skills, 8 Dwarven only fishing skills.
[20/07 11:17:27] SkillTreeData: Loaded 3 collect skills.
[20/07 11:17:27] SkillTreeData: Loaded 171 clan skills, 141 for clan and 30 residential.
[20/07 11:17:27] SkillTreeData: Loaded 18 sub-pledge skills.
[20/07 11:17:27] SkillTreeData: Loaded 32 transform skills.
[20/07 11:17:27] SkillTreeData: Loaded 21 noble skills.
[20/07 11:17:27] SkillTreeData: Loaded 5 hero skills.
[20/07 11:17:27] SkillTreeData: Loaded 61 game master skills.
[20/07 11:17:27] SkillTreeData: Loaded 61 game master aura skills.
[20/07 11:17:27] SkillTreeData: Loaded 123 ability skills.
[20/07 11:17:27] SkillTreeData: Loaded 112 alchemy skills.
[20/07 11:17:27] SkillTreeData: Loaded 36 class awaken save skills.
[20/07 11:17:27] SkillTreeData: Loaded 20 Revelation skills.
[20/07 11:17:27] SkillTreeData: Loaded 29 common skills.
[20/07 11:17:27] PetSkillData: Loaded 1046 skills.
[20/07 11:17:27] ---------------------------------------------------=[ Items ]
[20/07 11:17:27] Directory /root/lineage2/server/game/data/stats/items/custom does not exist.
[20/07 11:17:29] ItemData: Highest item id used: 49798
[20/07 11:17:29] ItemData: Loaded 21327 etc items.
[20/07 11:17:29] ItemData: Loaded 11059 armor items.
[20/07 11:17:29] ItemData: Loaded 8653 weapon items.
[20/07 11:17:29] ItemData: Loaded 41039 items in total.
[20/07 11:17:29] EnchantItemGroupsData: Loaded 4 item group templates.
[20/07 11:17:29] EnchantItemGroupsData: Loaded 1 scroll group templates.
[20/07 11:17:29] EnchantItemGroupsData: Max weapon enchant is set to 30.
[20/07 11:17:29] EnchantItemGroupsData: Max armor enchant is set to 30.
[20/07 11:17:29] EnchantItemGroupsData: Max accessory enchant is set to 30.
[20/07 11:17:29] EnchantItemData: Loaded 248 enchant scrolls.
[20/07 11:17:29] EnchantItemData: Loaded 100 support items.
[20/07 11:17:29] OptionData: Loaded 34047 options.
[20/07 11:17:30] EnchantItemOptionsData: Loaded 68 items and 1747 options.
[20/07 11:17:30] ElementalAttributeData: Loaded 138 elemental attribute items.
[20/07 11:17:30] ItemCrystallizationData: Loaded 12 crystallization templates.
[20/07 11:17:30] ItemCrystallizationData: Loaded 279 pre-defined crystallizable items.
[20/07 11:17:30] ItemCrystallizationData: Generated 5830 crystallizable items from templates.
[20/07 11:17:30] VariationData: Loaded 120 variations.
[20/07 11:17:30] VariationData: Loaded 4717 fees.
[20/07 11:17:30] EnsoulData: Loaded 10 fees.
[20/07 11:17:30] EnsoulData: Loaded 742 options.
[20/07 11:17:30] EnsoulData: Loaded 104 stones.
[20/07 11:17:30] EnchantItemHPBonusData: Loaded 11 enchant HP bonuses.
[20/07 11:17:30] BuyListData: Loaded 892 buyLists.
[20/07 11:17:30] Buy price 1 is less than sell price 790 at entry 1 of multisell 600112.
[20/07 11:17:30] Buy price 1 is less than sell price 790 at entry 2 of multisell 600112.
[20/07 11:17:30] Buy price 1 is less than sell price 3660 at entry 3 of multisell 600112.
[20/07 11:17:30] Buy price 1 is less than sell price 3660 at entry 4 of multisell 600112.
[20/07 11:17:30] Buy price 1 is less than sell price 5745 at entry 5 of multisell 600112.
[20/07 11:17:30] Buy price 1 is less than sell price 5745 at entry 6 of multisell 600112.
[20/07 11:17:30] Buy price 1 is less than sell price 17315 at entry 7 of multisell 600112.
[20/07 11:17:30] Buy price 1 is less than sell price 17315 at entry 8 of multisell 600112.
[20/07 11:17:30] Buy price 1 is less than sell price 182400 at entry 9 of multisell 600112.
[20/07 11:17:30] Buy price 1 is less than sell price 182400 at entry 10 of multisell 600112.
[20/07 11:17:30] Buy price 1 is less than sell price 858000 at entry 11 of multisell 600112.
[20/07 11:17:30] Buy price 1 is less than sell price 858000 at entry 12 of multisell 600112.
[20/07 11:17:30] Buy price 60000 is less than sell price 300000 at entry 1 of multisell 610025.
[20/07 11:17:30] Buy price 60000 is less than sell price 300000 at entry 2 of multisell 610025.
[20/07 11:17:30] Buy price 60000 is less than sell price 300000 at entry 3 of multisell 610025.
[20/07 11:17:30] Buy price 60000 is less than sell price 300000 at entry 4 of multisell 610025.
[20/07 11:17:30] Buy price 60000 is less than sell price 300000 at entry 5 of multisell 610025.
[20/07 11:17:30] Buy price 60000 is less than sell price 300000 at entry 6 of multisell 610025.
[20/07 11:17:30] Buy price 60000 is less than sell price 300000 at entry 7 of multisell 610025.
[20/07 11:17:30] Buy price 60000 is less than sell price 300000 at entry 8 of multisell 610025.
[20/07 11:17:30] Buy price 60000 is less than sell price 300000 at entry 9 of multisell 610025.
[20/07 11:17:30] Buy price 60000 is less than sell price 300000 at entry 10 of multisell 610025.
[20/07 11:17:30] Buy price 60000 is less than sell price 300000 at entry 11 of multisell 610025.
[20/07 11:17:30] Buy price 60000 is less than sell price 300000 at entry 12 of multisell 610025.
[20/07 11:17:30] Buy price 90000 is less than sell price 450000 at entry 13 of multisell 610025.
[20/07 11:17:30] Buy price 90000 is less than sell price 450000 at entry 14 of multisell 610025.
[20/07 11:17:30] Buy price 90000 is less than sell price 450000 at entry 15 of multisell 610025.
[20/07 11:17:30] Buy price 90000 is less than sell price 450000 at entry 16 of multisell 610025.
[20/07 11:17:30] Buy price 90000 is less than sell price 450000 at entry 17 of multisell 610025.
[20/07 11:17:30] Buy price 90000 is less than sell price 450000 at entry 18 of multisell 610025.
[20/07 11:17:30] Buy price 90000 is less than sell price 450000 at entry 19 of multisell 610025.
[20/07 11:17:30] Buy price 90000 is less than sell price 450000 at entry 20 of multisell 610025.
[20/07 11:17:30] Buy price 90000 is less than sell price 450000 at entry 21 of multisell 610025.
[20/07 11:17:30] Buy price 90000 is less than sell price 450000 at entry 22 of multisell 610025.
[20/07 11:17:30] Buy price 90000 is less than sell price 450000 at entry 23 of multisell 610025.
[20/07 11:17:30] Buy price 90000 is less than sell price 450000 at entry 24 of multisell 610025.
[20/07 11:17:30] Buy price 7 is less than sell price 1500 at entry 1 of multisell 610021.
[20/07 11:17:30] Buy price 14 is less than sell price 3500 at entry 2 of multisell 610021.
[20/07 11:17:30] Buy price 22 is less than sell price 5500 at entry 3 of multisell 610021.
[20/07 11:17:30] Buy price 50 is less than sell price 12500 at entry 4 of multisell 610021.
[20/07 11:17:30] Buy price 80 is less than sell price 20000 at entry 5 of multisell 610021.
[20/07 11:17:30] Buy price 100 is less than sell price 25000 at entry 6 of multisell 610021.
[20/07 11:17:30] Buy price 35 is less than sell price 1700 at entry 7 of multisell 610021.
[20/07 11:17:30] Buy price 28 is less than sell price 1400 at entry 8 of multisell 610021.
[20/07 11:17:30] Buy price 42 is less than sell price 2100 at entry 9 of multisell 610021.
[20/07 11:17:30] Buy price 245 is less than sell price 12200 at entry 10 of multisell 610021.
[20/07 11:17:30] Buy price 290 is less than sell price 14500 at entry 11 of multisell 610021.
[20/07 11:17:30] Buy price 350 is less than sell price 17500 at entry 12 of multisell 610021.
[20/07 11:17:30] Buy price 1 is less than sell price 50 at entry 1 of multisell 600104.
[20/07 11:17:30] Buy price 1 is less than sell price 100 at entry 2 of multisell 600104.
[20/07 11:17:30] Buy price 1 is less than sell price 75 at entry 3 of multisell 600104.
[20/07 11:17:30] Buy price 1 is less than sell price 500 at entry 4 of multisell 600104.
[20/07 11:17:30] Buy price 1 is less than sell price 4500 at entry 5 of multisell 600104.
[20/07 11:17:30] Buy price 1 is less than sell price 150 at entry 6 of multisell 600104.
[20/07 11:17:30] Buy price 1 is less than sell price 500 at entry 7 of multisell 600104.
[20/07 11:17:30] Buy price 1 is less than sell price 50 at entry 8 of multisell 600104.
[20/07 11:17:30] Buy price 1 is less than sell price 25 at entry 9 of multisell 600104.
[20/07 11:17:30] Buy price 1 is less than sell price 25 at entry 10 of multisell 600104.
[20/07 11:17:31] Invalid product id or count for itemId: 20342, count: 20336 in list: 610022
[20/07 11:17:31] Invalid product id or count for itemId: 20344, count: 20336 in list: 610022
[20/07 11:17:31] Invalid product id or count for itemId: 20348, count: 20336 in list: 610022
[20/07 11:17:31] Invalid product id or count for itemId: 20350, count: 20336 in list: 610022
[20/07 11:17:31] Invalid product id or count for itemId: 22066, count: 20336 in list: 610022
[20/07 11:17:31] MultisellData: Loaded 605 multisell lists.
[20/07 11:17:31] CombinationItemsData: Loaded 855 combinations.
[20/07 11:17:31] RecipeData: Loaded 1647 recipes.
[20/07 11:17:31] ArmorSetData: Loaded 312 armor sets.
[20/07 11:17:31] FishingData: Loaded 3 bait and 13 rod data.
[20/07 11:17:31] HennaData: Loaded 461 henna data.
[20/07 11:17:31] PrimeShopData: Loaded 179 items.
[20/07 11:17:31] AppearanceItemData: Loaded 1217 stones.
[20/07 11:17:31] AlchemyData: Loaded 114 alchemy craft skills.
[20/07 11:17:31] LuckyGameData: Loaded 2 lucky game data.
[20/07 11:17:31] AttendanceRewardData: Disabled.
[20/07 11:17:31] ----------------------------------------------=[ Characters ]
[20/07 11:17:31] ClassListData: Loaded 153 class data.
[20/07 11:17:31] InitialEquipmentData: Loaded 13 initial equipment data.
[20/07 11:17:31] InitialShortcutData: Loaded 5 initial global shortcut data.
[20/07 11:17:31] InitialShortcutData: Loaded 5 initial shortcut data.
[20/07 11:17:31] InitialShortcutData: Loaded 0 macro presets.
[20/07 11:17:31] ExperienceData: Loaded 111 levels.
[20/07 11:17:31] ExperienceData: Max Player Level is 110.
[20/07 11:17:31] ExperienceData: Max Pet Level is 110.
[20/07 11:17:31] ExperienceLossData: Loaded 110 levels.
[20/07 11:17:31] KarmaLossData: Loaded 110 modifiers.
[20/07 11:17:31] HitConditionBonusData: Loaded hit condition bonuses.
[20/07 11:17:31] PlayerTemplateData: Loaded 145 player templates.
[20/07 11:17:31] PlayerTemplateData: Loaded 95700 level up gain records.
[20/07 11:17:31] CharInfoTable: Loaded 1 char names.
[20/07 11:17:31] PartyMatchingHistoryTable: Loaded 0 party matching history data.
[20/07 11:17:31] AdminData: Loaded 10 access levels.
[20/07 11:17:31] AdminData: Loaded 462 access commands.
[20/07 11:17:32] PetDataTable: Loaded 56 pets.
[20/07 11:17:32] CubicData: Loaded 21 cubics.
[20/07 11:17:32] PremiumManager: Premium system is enabled.
[20/07 11:17:32] ---------------------------------------------------=[ Clans ]
[20/07 11:17:32] ForumsBBSManager: Loaded 5 forums. Last forum id used: 5
[20/07 11:17:32] ClanTable: Restored 1 clans from the database.
[20/07 11:17:32] ResidenceFunctionsData: Loaded 8 functions.
[20/07 11:17:32] ClanHallData: Succesfully loaded 57 clan halls.
[20/07 11:17:32] ClanHallAuctionManager: Clan Hall Auction has started!
[20/07 11:17:32] ClanEntryManager: Loaded 0 clan entries.
[20/07 11:17:32] ClanEntryManager: Loaded 0 players in waiting list.
[20/07 11:17:32] ClanEntryManager: Loaded 0 player applications.
[20/07 11:17:32] -------------------------------------------------=[ Geodata ]
[20/07 11:17:33] GeoEngine: Loaded 220 regions.
[20/07 11:17:33] ----------------------------------------------------=[ NPCs ]
[20/07 11:17:35] NpcData: Loaded 14271 NPCs.
[20/07 11:17:35] NpcData: Loaded 21 custom NPCs.
[20/07 11:17:36] SpawnData: Loaded 44644 spawns
[20/07 11:17:36] MonsterBookData: Loaded 101 monster data.
[20/07 11:17:36] WalkingManager: Loaded 197 walking routes.
[20/07 11:17:36] StaticObjectData: Loaded 86 static object templates.
[20/07 11:17:36] ItemAuctionInstance: Loaded 21 item(s) and registered 2 auction(s) for instance 34328
[20/07 11:17:36] ItemAuctionInstance: Schedule next auction 2 on 17:00:00 25.07.26 for instance 34328
[20/07 11:17:36] ItemAuctionManager: Loaded 1 instances.
[20/07 11:17:36] InstanceManager: Loaded 267 instance names.
[20/07 11:17:36] InstanceManager: Loaded 163 instance templates.
[20/07 11:17:36] InstanceManager: Loaded instance reenter times for 1 players.
[20/07 11:17:36] CastleManager: Loaded 9 castles.
[20/07 11:17:36] SchemeBufferTable: Loaded 8 categories and 143 entries from ./data/SchemeBufferSkills.xml.
[20/07 11:17:36] SchemeBufferTable: Loaded 0 scheme entries from database.
[20/07 11:17:36] SchemeBufferTable: Loaded 0 players and 93 available skills.
[20/07 11:17:36] GrandBossManager: Lilith(25283) status is 0
[20/07 11:17:36] GrandBossManager: Anakim(25286) status is 0
[20/07 11:17:36] GrandBossManager: Kelbim(26124) status is 0
[20/07 11:17:36] GrandBossManager: Queen Ant(29001) status is 0
[20/07 11:17:36] GrandBossManager: Core(29006) status is 0
[20/07 11:17:36] GrandBossManager: Orfen(29014) status is 0
[20/07 11:17:36] GrandBossManager: Baium(29020) status is 0
[20/07 11:17:36] GrandBossManager: Valakas(29028) status is 0
[20/07 11:17:36] GrandBossManager: Antharas(29068) status is 0
[20/07 11:17:36] GrandBossManager: Beleth(29118) status is 0
[20/07 11:17:36] GrandBossManager: Earth Wyrm Trasken(29197) status is 0
[20/07 11:17:36] GrandBossManager: Lindvior(29240) status is 0
[20/07 11:17:36] GrandBossManager: Helios(29305) status is 0
[20/07 11:17:36] GrandBossManager: Loaded 13 instances.
[20/07 11:17:36] ------------------------------------------------=[ Instance ]
[20/07 11:17:36] ------------------------------------------------=[ Olympiad ]
[20/07 11:17:36] Olympiad System: Loading....
[20/07 11:17:36] Olympiad System: Currently in Olympiad Period
[20/07 11:17:36] Olympiad System: 22 days, 0 hours and 42 mins until period ends.
[20/07 11:17:36] Olympiad System: Next weekly change is in 6 days, 1 hours and 48 mins.
[20/07 11:17:36] Olympiad System: Loaded 0 Nobles
[20/07 11:17:36] Olympiad System: Competition Period Starts in 4 days, 8 hours and 42 mins.
[20/07 11:17:36] Olympiad System: Event starts/started: Fri Jul 24 20:00:36 UTC 2026
[20/07 11:17:36] Hero System: Loaded 0 Heroes.
[20/07 11:17:36] Hero System: Loaded 0 all time Heroes.
[20/07 11:17:36] ---------------------------------------------------=[ Cache ]
[20/07 11:17:36] Cache[HTML]: Running lazy cache.
[20/07 11:17:36] CrestTable: Loaded 0 Crests.
[20/07 11:17:38] TeleporterData: Loaded 174 npc teleporters.
[20/07 11:17:38] CursedWeaponsManager: Loaded 2 cursed weapons.
[20/07 11:17:38] BotReportTable: Loaded 0 bot reports
[20/07 11:17:38] SellBuffsManager: Loaded 149 allowed buffs.
[20/07 11:17:38] -------------------------------------------------=[ Scripts ]
[20/07 11:17:38] AirShipManager: Loaded 0 private airships
[20/07 11:17:38] ShuttleData: Loaded 3 shuttles.
[20/07 11:17:38] GameServer: Loading server scripts:
[20/07 11:17:40] Loading Handlers...
[20/07 11:17:40] ActionClickHandler: Loaded 10 handlers.
[20/07 11:17:40] ActionShiftHandler: Loaded 6 handlers.
[20/07 11:17:40] AdminCommandHandler: Loaded 458 handlers.
[20/07 11:17:40] BypassHandler: Loaded 28 handlers.
[20/07 11:17:40] ChatHandler: Loaded 14 handlers.
[20/07 11:17:40] CommunityBoardHandler: Loaded 37 handlers.
[20/07 11:17:40] ItemHandler: Loaded 32 handlers.
[20/07 11:17:40] PunishmentHandler: Loaded 3 handlers.
[20/07 11:17:40] UserCommandHandler: Loaded 16 handlers.
[20/07 11:17:40] VoicedCommandHandler: Loaded 16 handlers.
[20/07 11:17:40] TargetHandler: Loaded 21 handlers.
[20/07 11:17:40] AffectObjectHandler: Loaded 11 handlers.
[20/07 11:17:40] AffectScopeHandler: Loaded 19 handlers.
[20/07 11:17:40] ActionUserHandler: Loaded 24 handlers.
[20/07 11:17:40] Handlers Loaded...
[20/07 11:17:45] NpcBuffersData: Loaded 6 buffers data.
[20/07 11:17:45] MentorGuide: Loaded 41 mentee coins
[20/07 11:17:45] ClassMaster: Loaded 0 class change options.
[20/07 11:17:46] Fantasy Isle: MC show script starting at 20/07/2026 13:01:46 and is scheduled each next 4 hours.
[20/07 11:17:46] Handy's Block Checker Event is enabled
[20/07 11:17:46] Fantasy Isle: Parade starting at 2026/07/20 13:20 and is scheduled each next 1 hours.
[20/07 11:17:46] [Four Sepulchers] Loaded 762 spawn zones data.
[20/07 11:17:46] Seed of Destruction: Loaded 51 spawn zones data.
[20/07 11:17:46] GrandBossManager: Updated Lindvior(29240) status to 0.
[20/07 11:17:46] GrandBossManager: Updated Helios(29305) status to 0.
[20/07 11:17:46] Event Birth of Draco has passed... Ignored 
[20/07 11:17:46] Event Red Libra has passed... Ignored 
[20/07 11:17:46] Event Love Your Gatekeeper has passed... Ignored 
[20/07 11:17:46] Event Lovers Jubilee has passed... Ignored 
[20/07 11:17:46] Event Hungry Horse has passed... Ignored 
[20/07 11:17:46] Event Freya Celebration has passed... Ignored 
[20/07 11:17:46] Event Letter Collector has passed... Ignored 
[20/07 11:17:46] Event Dandy's Dragon Weapons has passed... Ignored 
[20/07 11:17:46] Event Rudolphs Blessing has passed... Ignored 
[20/07 11:17:46] Event The Power Of Love has passed... Ignored 
[20/07 11:17:46] Event Hunt for Santa has passed... Ignored 
[20/07 11:17:46] Event Heavy Medal has passed... Ignored 
[20/07 11:17:46] Event Gift of Vitality has passed... Ignored 
[20/07 11:17:46] Event Saving Santa has passed... Ignored 
[20/07 11:17:46] Event Eve the Fortune Teller has passed... Ignored 
[20/07 11:17:46] Event Master of Enchanting has passed... Ignored 
[20/07 11:17:46] Event Halloween has passed... Ignored 
[20/07 11:17:46] Event Happy Hours has passed... Ignored 
[20/07 11:17:46] SpawnData: Initializing spawns...
[20/07 11:17:46] DatabaseSpawnManager: Loaded 251 instances.
[20/07 11:17:46] DatabaseSpawnManager: Scheduled 0 instances.
[20/07 11:17:49] SpawnData: All spawns has been initialized!
[20/07 11:17:49] ---------------------------------------------------=[ Siege ]
[20/07 11:17:49] SiegeScheduleData: Loaded 9 siege schedulers.
[20/07 11:17:49] Siege of Gludio: Sun Jul 26 16:00:00 UTC 2026
[20/07 11:17:49] Siege of Dion: Sun Jul 26 20:00:00 UTC 2026
[20/07 11:17:49] Siege of Giran: Sun Jul 26 16:00:00 UTC 2026
[20/07 11:17:49] Siege of Oren: Sun Jul 26 20:00:00 UTC 2026
[20/07 11:17:49] Siege of Aden: Sun Jul 26 16:00:00 UTC 2026
[20/07 11:17:49] Siege of Innadril: Sun Jul 26 20:00:00 UTC 2026
[20/07 11:17:49] Siege of Goddard: Sun Jul 26 16:00:00 UTC 2026
[20/07 11:17:49] Siege of Rune: Sun Jul 26 20:00:00 UTC 2026
[20/07 11:17:49] Siege of Schuttgart: Sun Jul 26 16:00:00 UTC 2026
[20/07 11:17:49] FortManager: Loaded 20 fortress.
[20/07 11:17:49] CastleManorManager: Loaded 258 seeds.
[20/07 11:17:49] CastleManorManager: Manor data loaded.
[20/07 11:17:49] SiegeGuardManager: Loaded 0 siege guards tickets.
[20/07 11:17:49] ScriptManager: Loaded 529 quests.
[20/07 11:17:49] ScriptManager: Loaded 414 scripts.
[20/07 11:17:49] KrateisCubeManager: Loaded 3 arena templates.
[20/07 11:17:49] UndergroundColiseumManager: Loaded 5 coliseum arenas.
[20/07 11:17:49] UndergroundColiseumManager: Starts at 24/07/2026 21:00:00
[20/07 11:17:49] DailyResetManager: Next schedule at 21/07/2026 06:30:00.
[20/07 11:17:49] MailManager: Loaded 0 messages.
[20/07 11:17:49] PunishmentManager: Loaded 0 active and 0 expired punishments.
[20/07 11:17:49] IdManager: Free ObjectID's remaining: 1878993468
[20/07 11:17:49] OfflineTraderTable: Loading offline traders...
[20/07 11:17:49] OfflineTraderTable: Loaded 0 offline traders.
[20/07 11:17:49] DeadlockWatcher: Thread started.
[20/07 11:17:56] GameServer: Started, using 3432 of 8192 MB total memory.
[20/07 11:17:56] GameServer: Maximum number of connected players is 2000.
[20/07 11:17:56] GameServer: Server loaded in 40 seconds.
[20/07 11:17:56] LoginServerThread: Connecting to login on 127.0.0.1:9014
[20/07 11:17:56] LoginServerThread: Registered on login as Server 1: Bartz
[20/07 11:47:51] GlobalVariablesManager: Stored 12 variables.
[20/07 12:17:49] GlobalVariablesManager: Stored 12 variables.
[20/07 12:47:50] GlobalVariablesManager: Stored 12 variables.
[20/07 13:12:12] Master access level set for character dada! Just a warning to be careful ;)
[20/07 13:12:13] SkillData: Call to unexisting skill level id: 27881 requested level: 15 max level: 1.
java.lang.Exception
	at org.l2jmobius.gameserver.data.xml.SkillData.getSkill(SkillData.java:1353)
	at org.l2jmobius.gameserver.model.skill.holders.SkillHolder.getSkill(SkillHolder.java:76)
	at org.l2jmobius.gameserver.model.itemcontainer.Inventory$ItemSkillsListener.notifyEquiped(Inventory.java:554)
	at org.l2jmobius.gameserver.model.itemcontainer.Inventory.setPaperdollItem(Inventory.java:1395)
	at org.l2jmobius.gameserver.model.itemcontainer.Inventory.equipItem(Inventory.java:1754)
	at org.l2jmobius.gameserver.model.itemcontainer.Inventory.addItem(Inventory.java:1124)
	at org.l2jmobius.gameserver.model.itemcontainer.PlayerInventory.addItem(PlayerInventory.java:767)
	at org.l2jmobius.gameserver.model.itemcontainer.Inventory.restore(Inventory.java:1916)
	at org.l2jmobius.gameserver.model.itemcontainer.PlayerInventory.restore(PlayerInventory.java:844)
	at org.l2jmobius.gameserver.model.actor.Player.restore(Player.java:7159)
	at org.l2jmobius.gameserver.model.actor.Player.load(Player.java:1191)
	at org.l2jmobius.gameserver.network.GameClient.load(GameClient.java:549)
	at org.l2jmobius.gameserver.network.clientpackets.CharacterSelect.runImpl(CharacterSelect.java:186)
	at org.l2jmobius.gameserver.network.clientpackets.ClientPacket.run(ClientPacket.java:58)
	at org.l2jmobius.commons.network.PacketExecutor$PacketRunnable.run(PacketExecutor.java:74)
	at java.base/java.util.concurrent.ThreadPoolExecutor.runWorker(ThreadPoolExecutor.java:1090)
	at java.base/java.util.concurrent.ThreadPoolExecutor$Worker.run(ThreadPoolExecutor.java:614)
	at java.base/java.lang.Thread.run(Thread.java:1474)

[20/07 13:12:13] SkillData: Call to unexisting skill level id: 27881 requested level: 16 max level: 1.
java.lang.Exception
	at org.l2jmobius.gameserver.data.xml.SkillData.getSkill(SkillData.java:1353)
	at org.l2jmobius.gameserver.model.skill.holders.SkillHolder.getSkill(SkillHolder.java:76)
	at org.l2jmobius.gameserver.model.itemcontainer.Inventory$ItemSkillsListener.notifyEquiped(Inventory.java:554)
	at org.l2jmobius.gameserver.model.itemcontainer.Inventory.setPaperdollItem(Inventory.java:1395)
	at org.l2jmobius.gameserver.model.itemcontainer.Inventory.equipItem(Inventory.java:1754)
	at org.l2jmobius.gameserver.model.itemcontainer.Inventory.addItem(Inventory.java:1124)
	at org.l2jmobius.gameserver.model.itemcontainer.PlayerInventory.addItem(PlayerInventory.java:767)
	at org.l2jmobius.gameserver.model.itemcontainer.Inventory.restore(Inventory.java:1916)
	at org.l2jmobius.gameserver.model.itemcontainer.PlayerInventory.restore(PlayerInventory.java:844)
	at org.l2jmobius.gameserver.model.actor.Player.restore(Player.java:7159)
	at org.l2jmobius.gameserver.model.actor.Player.load(Player.java:1191)
	at org.l2jmobius.gameserver.network.GameClient.load(GameClient.java:549)
	at org.l2jmobius.gameserver.network.clientpackets.CharacterSelect.runImpl(CharacterSelect.java:186)
	at org.l2jmobius.gameserver.network.clientpackets.ClientPacket.run(ClientPacket.java:58)
	at org.l2jmobius.commons.network.PacketExecutor$PacketRunnable.run(PacketExecutor.java:74)
	at java.base/java.util.concurrent.ThreadPoolExecutor.runWorker(ThreadPoolExecutor.java:1090)
	at java.base/java.util.concurrent.ThreadPoolExecutor$Worker.run(ThreadPoolExecutor.java:614)
	at java.base/java.lang.Thread.run(Thread.java:1474)

[20/07 13:12:13] SkillData: Call to unexisting skill level id: 27881 requested level: 17 max level: 1.
java.lang.Exception
	at org.l2jmobius.gameserver.data.xml.SkillData.getSkill(SkillData.java:1353)
	at org.l2jmobius.gameserver.model.skill.holders.SkillHolder.getSkill(SkillHolder.java:76)
	at org.l2jmobius.gameserver.model.itemcontainer.Inventory$ItemSkillsListener.notifyEquiped(Inventory.java:554)
	at org.l2jmobius.gameserver.model.itemcontainer.Inventory.setPaperdollItem(Inventory.java:1395)
	at org.l2jmobius.gameserver.model.itemcontainer.Inventory.equipItem(Inventory.java:1754)
	at org.l2jmobius.gameserver.model.itemcontainer.Inventory.addItem(Inventory.java:1124)
	at org.l2jmobius.gameserver.model.itemcontainer.PlayerInventory.addItem(PlayerInventory.java:767)
	at org.l2jmobius.gameserver.model.itemcontainer.Inventory.restore(Inventory.java:1916)
	at org.l2jmobius.gameserver.model.itemcontainer.PlayerInventory.restore(PlayerInventory.java:844)
	at org.l2jmobius.gameserver.model.actor.Player.restore(Player.java:7159)
	at org.l2jmobius.gameserver.model.actor.Player.load(Player.java:1191)
	at org.l2jmobius.gameserver.network.GameClient.load(GameClient.java:549)
	at org.l2jmobius.gameserver.network.clientpackets.CharacterSelect.runImpl(CharacterSelect.java:186)
	at org.l2jmobius.gameserver.network.clientpackets.ClientPacket.run(ClientPacket.java:58)
	at org.l2jmobius.commons.network.PacketExecutor$PacketRunnable.run(PacketExecutor.java:74)
	at java.base/java.util.concurrent.ThreadPoolExecutor.runWorker(ThreadPoolExecutor.java:1090)
	at java.base/java.util.concurrent.ThreadPoolExecutor$Worker.run(ThreadPoolExecutor.java:614)
	at java.base/java.lang.Thread.run(Thread.java:1474)

[20/07 13:12:13] SkillData: Call to unexisting skill level id: 27881 requested level: 18 max level: 1.
java.lang.Exception
	at org.l2jmobius.gameserver.data.xml.SkillData.getSkill(SkillData.java:1353)
	at org.l2jmobius.gameserver.model.skill.holders.SkillHolder.getSkill(SkillHolder.java:76)
	at org.l2jmobius.gameserver.model.itemcontainer.Inventory$ItemSkillsListener.notifyEquiped(Inventory.java:554)
	at org.l2jmobius.gameserver.model.itemcontainer.Inventory.setPaperdollItem(Inventory.java:1395)
	at org.l2jmobius.gameserver.model.itemcontainer.Inventory.equipItem(Inventory.java:1754)
	at org.l2jmobius.gameserver.model.itemcontainer.Inventory.addItem(Inventory.java:1124)
	at org.l2jmobius.gameserver.model.itemcontainer.PlayerInventory.addItem(PlayerInventory.java:767)
	at org.l2jmobius.gameserver.model.itemcontainer.Inventory.restore(Inventory.java:1916)
	at org.l2jmobius.gameserver.model.itemcontainer.PlayerInventory.restore(PlayerInventory.java:844)
	at org.l2jmobius.gameserver.model.actor.Player.restore(Player.java:7159)
	at org.l2jmobius.gameserver.model.actor.Player.load(Player.java:1191)
	at org.l2jmobius.gameserver.network.GameClient.load(GameClient.java:549)
	at org.l2jmobius.gameserver.network.clientpackets.CharacterSelect.runImpl(CharacterSelect.java:186)
	at org.l2jmobius.gameserver.network.clientpackets.ClientPacket.run(ClientPacket.java:58)
	at org.l2jmobius.commons.network.PacketExecutor$PacketRunnable.run(PacketExecutor.java:74)
	at java.base/java.util.concurrent.ThreadPoolExecutor.runWorker(ThreadPoolExecutor.java:1090)
	at java.base/java.util.concurrent.ThreadPoolExecutor$Worker.run(ThreadPoolExecutor.java:614)
	at java.base/java.lang.Thread.run(Thread.java:1474)

[20/07 13:12:13] SkillData: Call to unexisting skill level id: 27881 requested level: 19 max level: 1.
java.lang.Exception
	at org.l2jmobius.gameserver.data.xml.SkillData.getSkill(SkillData.java:1353)
	at org.l2jmobius.gameserver.model.skill.holders.SkillHolder.getSkill(SkillHolder.java:76)
	at org.l2jmobius.gameserver.model.itemcontainer.Inventory$ItemSkillsListener.notifyEquiped(Inventory.java:554)
	at org.l2jmobius.gameserver.model.itemcontainer.Inventory.setPaperdollItem(Inventory.java:1395)
	at org.l2jmobius.gameserver.model.itemcontainer.Inventory.equipItem(Inventory.java:1754)
	at org.l2jmobius.gameserver.model.itemcontainer.Inventory.addItem(Inventory.java:1124)
	at org.l2jmobius.gameserver.model.itemcontainer.PlayerInventory.addItem(PlayerInventory.java:767)
	at org.l2jmobius.gameserver.model.itemcontainer.Inventory.restore(Inventory.java:1916)
	at org.l2jmobius.gameserver.model.itemcontainer.PlayerInventory.restore(PlayerInventory.java:844)
	at org.l2jmobius.gameserver.model.actor.Player.restore(Player.java:7159)
	at org.l2jmobius.gameserver.model.actor.Player.load(Player.java:1191)
	at org.l2jmobius.gameserver.network.GameClient.load(GameClient.java:549)
	at org.l2jmobius.gameserver.network.clientpackets.CharacterSelect.runImpl(CharacterSelect.java:186)
	at org.l2jmobius.gameserver.network.clientpackets.ClientPacket.run(ClientPacket.java:58)
	at org.l2jmobius.commons.network.PacketExecutor$PacketRunnable.run(PacketExecutor.java:74)
	at java.base/java.util.concurrent.ThreadPoolExecutor.runWorker(ThreadPoolExecutor.java:1090)
	at java.base/java.util.concurrent.ThreadPoolExecutor$Worker.run(ThreadPoolExecutor.java:614)
	at java.base/java.lang.Thread.run(Thread.java:1474)

[20/07 13:12:13] SkillData: Call to unexisting skill level id: 27881 requested level: 20 max level: 1.
java.lang.Exception
	at org.l2jmobius.gameserver.data.xml.SkillData.getSkill(SkillData.java:1353)
	at org.l2jmobius.gameserver.model.skill.holders.SkillHolder.getSkill(SkillHolder.java:76)
	at org.l2jmobius.gameserver.model.itemcontainer.Inventory$ItemSkillsListener.notifyEquiped(Inventory.java:554)
	at org.l2jmobius.gameserver.model.itemcontainer.Inventory.setPaperdollItem(Inventory.java:1395)
	at org.l2jmobius.gameserver.model.itemcontainer.Inventory.equipItem(Inventory.java:1754)
	at org.l2jmobius.gameserver.model.itemcontainer.Inventory.addItem(Inventory.java:1124)
	at org.l2jmobius.gameserver.model.itemcontainer.PlayerInventory.addItem(PlayerInventory.java:767)
	at org.l2jmobius.gameserver.model.itemcontainer.Inventory.restore(Inventory.java:1916)
	at org.l2jmobius.gameserver.model.itemcontainer.PlayerInventory.restore(PlayerInventory.java:844)
	at org.l2jmobius.gameserver.model.actor.Player.restore(Player.java:7159)
	at org.l2jmobius.gameserver.model.actor.Player.load(Player.java:1191)
	at org.l2jmobius.gameserver.network.GameClient.load(GameClient.java:549)
	at org.l2jmobius.gameserver.network.clientpackets.CharacterSelect.runImpl(CharacterSelect.java:186)
	at org.l2jmobius.gameserver.network.clientpackets.ClientPacket.run(ClientPacket.java:58)
	at org.l2jmobius.commons.network.PacketExecutor$PacketRunnable.run(PacketExecutor.java:74)
	at java.base/java.util.concurrent.ThreadPoolExecutor.runWorker(ThreadPoolExecutor.java:1090)
	at java.base/java.util.concurrent.ThreadPoolExecutor$Worker.run(ThreadPoolExecutor.java:614)
	at java.base/java.lang.Thread.run(Thread.java:1474)

[20/07 13:12:32] HTML encoding check: File data/html/CommunityBoard/Custom/navigation.html contains non ASCII content.
[20/07 13:12:32] HTML encoding check: File data/html/CommunityBoard/Custom/home.html contains non ASCII content.
[20/07 13:12:32] HTML encoding check: File data/html/CommunityBoard/Custom/mytp/main.html contains non ASCII content.
[20/07 13:12:33] HTML encoding check: File data/html/CommunityBoard/Custom/gatekeeper/main.html contains non ASCII content.
[20/07 13:12:33] HTML encoding check: File data/html/CommunityBoard/Custom/merchant/main.html contains non ASCII content.
[20/07 13:13:27] HTML encoding check: File data/html/CommunityBoard/Custom/buffer/main.html contains non ASCII content.
[20/07 13:15:35] HTML encoding check: File data/html/CommunityBoard/Custom/gatekeeper/farm_high.html contains non ASCII content.
[20/07 13:17:49] GlobalVariablesManager: Stored 12 variables.
[20/07 13:47:49] GlobalVariablesManager: Stored 12 variables.
[20/07 14:17:51] GlobalVariablesManager: Stored 12 variables.
[20/07 14:23:14] Master access level set for character dada! Just a warning to be careful ;)
[20/07 14:25:51] HTML encoding check: File data/html/CommunityBoard/Custom/merchant/grocery.html contains non ASCII content.
[20/07 14:47:50] GlobalVariablesManager: Stored 12 variables.
[20/07 15:03:26] HTML encoding check: File data/html/CommunityBoard/Custom/merchant/enchant.html contains non ASCII content.
[20/07 15:17:50] GlobalVariablesManager: Stored 12 variables.
[20/07 15:24:26] HTML encoding check: File data/html/CommunityBoard/Custom/gatekeeper/villages.html contains non ASCII content.
